<?xml version="1.0" encoding="UTF-8"?>
<testsuite xmlns:xsi="http://www.w3.org/2001/XMLSchema-instance" xsi:noNamespaceSchemaLocation="https://maven.apache.org/surefire/maven-surefire-plugin/xsd/surefire-test-report-3.0.xsd" version="3.0" name="com.ziplink.controller.UrlControllerTest" time="1.393" tests="5" errors="0" skipped="0" failures="0">
  <properties>
[...]
</properties>
  <testcase name="directRedirectPasswordForbidden" classname="com.ziplink.controller.UrlControllerTest" time="0.07">
    <system-out><![CDATA[18:43:06.042 [main] INFO org.springframework.test.context.support.AnnotationConfigContextLoaderUtils -- Could not detect default configuration classes for test class [com.ziplink.controller.UrlControllerTest]: UrlControllerTest does not declare any static, non-private, non-final, nested classes annotated with @Configuration.
18:43:06.128 [main] INFO org.springframework.boot.test.context.SpringBootTestContextBootstrapper -- Found @SpringBootConfiguration com.ziplink.ZiplinkApplication for test class com.ziplink.controller.UrlControllerTest
  .   ____          _            __ _ _
 /\\ / ___'_ __ _ _(_)_ __  __ _ \ \ \ \
( ( )\___ | '_ | '_| | '_ \/ _` | \ \ \ \
 \\/  ___)| |_)| | | | | || (_| |  ) ) ) )
  '  |____| .__|_| |_|_| |_\__, | / / / /
 =========|_|==============|___/=/_/_/_/

 :: Spring Boot ::                (v3.3.0)

2026-05-23 18:43:06 [main] INFO  c.z.controller.UrlControllerTest - Starting UrlControllerTest using Java 25.0.2 with PID 65929 (started by rishavraj in /Users/rishavraj/interview_prep/my_projects/ziplink/springboot-backend)
2026-05-23 18:43:06 [main] DEBUG c.z.controller.UrlControllerTest - Running with Spring Boot v3.3.0, Spring v6.1.8
2026-05-23 18:43:06 [main] INFO  c.z.controller.UrlControllerTest - No active profile set, falling back to 1 default profile: "default"
2026-05-23 18:43:07 [main] DEBUG c.ziplink.filter.RateLimitingFilter - Filter 'rateLimitingFilter' configured for use
2026-05-23 18:43:07 [main] INFO  o.s.b.t.m.w.SpringBootMockServletContext - Initializing Spring TestDispatcherServlet ''
2026-05-23 18:43:07 [main] INFO  o.s.t.w.s.TestDispatcherServlet - Initializing Servlet ''
2026-05-23 18:43:07 [main] INFO  o.s.t.w.s.TestDispatcherServlet - Completed initialization in 0 ms
2026-05-23 18:43:07 [main] INFO  c.z.controller.UrlControllerTest - Started UrlControllerTest in 1.085 seconds (process running for 1.63)
2026-05-23 18:43:07 [main] INFO  c.ziplink.controller.UrlController - Direct redirect requested for shortCode: abc
2026-05-23 18:43:07 [main] INFO  c.ziplink.controller.UrlController - Direct redirect blocked for code abc: Password required
]]></system-out>
  </testcase>
  <testcase name="shortenUrlValidationFail" classname="com.ziplink.controller.UrlControllerTest" time="0.046">
    <system-out><![CDATA[2026-05-23 18:43:07 [main] ERROR c.ziplink.filter.RateLimitingFilter - Redis error in RateLimitingFilter: Cannot invoke "org.springframework.data.redis.core.ValueOperations.increment(Object)" because the return value of "org.springframework.data.redis.core.StringRedisTemplate.opsForValue()" is null. Permitting traffic.
2026-05-23 18:43:07 [main] WARN  c.z.exception.GlobalExceptionHandler - Validation failed for request. Errors: [Please provide a valid URL starting with http:// or https://, Password must be at least 4 characters long]
]]></system-out>
  </testcase>
  <testcase name="directRedirectSuccess" classname="com.ziplink.controller.UrlControllerTest" time="0.005">
    <system-out><![CDATA[2026-05-23 18:43:07 [main] INFO  c.ziplink.controller.UrlController - Direct redirect requested for shortCode: abc
]]></system-out>
  </testcase>
  <testcase name="getRedirectInfoSuccess" classname="com.ziplink.controller.UrlControllerTest" time="0.004">
    <system-out><![CDATA[2026-05-23 18:43:07 [main] ERROR c.ziplink.filter.RateLimitingFilter - Redis error in RateLimitingFilter: Cannot invoke "org.springframework.data.redis.core.ValueOperations.increment(Object)" because the return value of "org.springframework.data.redis.core.StringRedisTemplate.opsForValue()" is null. Permitting traffic.
2026-05-23 18:43:07 [main] INFO  c.ziplink.controller.UrlController - Request received for redirect info: abc
]]></system-out>
  </testcase>
  <testcase name="shortenUrlSuccess" classname="com.ziplink.controller.UrlControllerTest" time="0.005">
    <system-out><![CDATA[2026-05-23 18:43:07 [main] ERROR c.ziplink.filter.RateLimitingFilter - Redis error in RateLimitingFilter: Cannot invoke "org.springframework.data.redis.core.ValueOperations.increment(Object)" because the return value of "org.springframework.data.redis.core.StringRedisTemplate.opsForValue()" is null. Permitting traffic.
2026-05-23 18:43:07 [main] INFO  c.ziplink.controller.UrlController - Request received to shorten URL: https://google.com
]]></system-out>
  </testcase>
</testsuite>